2025-05-09T02:39:18+00:00 - Tried password: hellp - ❌ FAILURE
2025-05-09T02:46:47+00:00 - Tried password: 123456 - ❌ FAILURE
2025-05-09T02:46:47+00:00 - Tried password: password - ❌ FAILURE
2025-05-09T02:46:48+00:00 - Tried password: letmein - ❌ FAILURE
2025-05-09T02:46:48+00:00 - Tried password: admin - ❌ FAILURE
2025-05-09T02:46:49+00:00 - Tried password: secret123 - ✅ SUCCESS
2025-05-09T02:48:30+00:00 - Tried password: 123456 - ❌ FAILURE
2025-05-09T02:48:30+00:00 - Tried password: password - ❌ FAILURE
2025-05-09T02:48:31+00:00 - Tried password: letmein - ❌ FAILURE
2025-05-09T02:48:31+00:00 - Tried password: admin - ❌ FAILURE
2025-05-09T02:48:32+00:00 - Tried password: secret123 - ✅ SUCCESS
2025-05-11T02:48:33+00:00 - Tried password: 123456 - ❌ FAILURE
2025-05-11T02:48:33+00:00 - Tried password: password - ❌ FAILURE
2025-05-11T02:48:33+00:00 - Tried password: 12345678 - ❌ FAILURE
2025-05-11T02:48:33+00:00 - Tried password: 123456789 - ❌ FAILURE
2025-05-11T02:48:33+00:00 - Tried password: 12345 - ❌ FAILURE
2025-05-11T02:48:33+00:00 - Tried password: 1234567 - ❌ FAILURE
2025-05-11T02:48:33+00:00 - Tried password: qwerty - ❌ FAILURE
2025-05-11T02:48:33+00:00 - Tried password: abc123 - ❌ FAILURE
2025-05-11T02:48:34+00:00 - Tried password: football - ❌ FAILURE
2025-05-11T02:48:34+00:00 - Tried password: 123123 - ❌ FAILURE
2025-05-11T02:48:34+00:00 - Tried password: monkey - ❌ FAILURE
2025-05-11T02:48:34+00:00 - Tried password: letmein - ❌ FAILURE
2025-05-11T02:48:34+00:00 - Tried password: dragon - ❌ FAILURE
2025-05-11T02:48:34+00:00 - Tried password: iloveyou - ❌ FAILURE
2025-05-11T02:48:34+00:00 - Tried password: admin - ❌ FAILURE
2025-05-11T02:48:35+00:00 - Tried password: welcome - ❌ FAILURE
2025-05-11T02:48:35+00:00 - Tried password: login - ❌ FAILURE
2025-05-11T02:48:35+00:00 - Tried password: princess - ❌ FAILURE
2025-05-11T02:48:35+00:00 - Tried password: sunshine - ❌ FAILURE
2025-05-11T02:48:35+00:00 - Tried password: password1 - ❌ FAILURE
2025-05-11T02:48:35+00:00 - Tried password: Password - ❌ FAILURE
2025-05-11T02:48:36+00:00 - Tried password: Passw0rd - ❌ FAILURE
2025-05-11T02:48:36+00:00 - Tried password: PASSWORD - ❌ FAILURE
2025-05-11T02:48:36+00:00 - Tried password: P@ssword - ❌ FAILURE
2025-05-11T02:48:36+00:00 - Tried password: P@ssw0rd - ❌ FAILURE
2025-05-11T02:48:36+00:00 - Tried password: admin123 - ❌ FAILURE
2025-05-11T02:48:36+00:00 - Tried password: Admin123 - ❌ FAILURE
2025-05-11T02:48:37+00:00 - Tried password: ADMIN123 - ❌ FAILURE
2025-05-11T02:48:37+00:00 - Tried password: root - ❌ FAILURE
2025-05-11T02:48:37+00:00 - Tried password: root123 - ❌ FAILURE
2025-05-11T02:48:37+00:00 - Tried password: letmein123 - ❌ FAILURE
2025-05-11T02:48:37+00:00 - Tried password: LetMeIn! - ❌ FAILURE
2025-05-11T02:48:37+00:00 - Tried password: letmeinnow - ❌ FAILURE
2025-05-11T02:48:37+00:00 - Tried password: letMEin! - ❌ FAILURE
2025-05-11T02:48:38+00:00 - Tried password: LetMeIn123 - ❌ FAILURE
2025-05-11T02:48:38+00:00 - Tried password: 1q2w3e4r - ❌ FAILURE
2025-05-11T02:48:38+00:00 - Tried password: qazwsx - ❌ FAILURE
2025-05-11T02:48:38+00:00 - Tried password: zxcvbn - ❌ FAILURE
2025-05-11T02:48:38+00:00 - Tried password: asdfgh - ❌ FAILURE
2025-05-11T02:48:38+00:00 - Tried password: poiuyt - ❌ FAILURE
2025-05-11T02:48:39+00:00 - Tried password: qwertyuiop - ❌ FAILURE
2025-05-11T02:48:39+00:00 - Tried password: mnbvcxz - ❌ FAILURE
2025-05-11T02:48:39+00:00 - Tried password: q1w2e3r4 - ❌ FAILURE
2025-05-11T02:48:39+00:00 - Tried password: zxc123 - ❌ FAILURE
2025-05-11T02:48:39+00:00 - Tried password: zaq12wsx - ❌ FAILURE
2025-05-11T02:48:39+00:00 - Tried password: john2024 - ❌ FAILURE
2025-05-11T02:48:40+00:00 - Tried password: michael123 - ❌ FAILURE
2025-05-11T02:48:40+00:00 - Tried password: jessica99 - ❌ FAILURE
2025-05-11T02:48:40+00:00 - Tried password: admin2022 - ❌ FAILURE
2025-05-11T02:48:40+00:00 - Tried password: test2023 - ❌ FAILURE
2025-05-11T02:48:40+00:00 - Tried password: charlie1 - ❌ FAILURE
2025-05-11T02:48:40+00:00 - Tried password: david007 - ❌ FAILURE
2025-05-11T02:48:40+00:00 - Tried password: jordan23 - ❌ FAILURE
2025-05-11T02:48:41+00:00 - Tried password: mike1234 - ❌ FAILURE
2025-05-11T02:48:41+00:00 - Tried password: sarah2021 - ❌ FAILURE
2025-05-11T02:48:41+00:00 - Tried password: default - ❌ FAILURE
2025-05-11T02:48:41+00:00 - Tried password: changeme - ❌ FAILURE
2025-05-11T02:48:41+00:00 - Tried password: guest - ❌ FAILURE
2025-05-11T02:48:41+00:00 - Tried password: cisco - ❌ FAILURE
2025-05-11T02:48:42+00:00 - Tried password: netgear - ❌ FAILURE
2025-05-11T02:48:42+00:00 - Tried password: adminadmin - ❌ FAILURE
2025-05-11T02:48:42+00:00 - Tried password: user - ❌ FAILURE
2025-05-11T02:48:42+00:00 - Tried password: test - ❌ FAILURE
2025-05-11T02:48:42+00:00 - Tried password: temp1234 - ❌ FAILURE
2025-05-11T02:48:42+00:00 - Tried password: 000000 - ❌ FAILURE
2025-05-11T02:48:43+00:00 - Tried password: correcthorsebatterystaple - ❌ FAILURE
2025-05-11T02:48:43+00:00 - Tried password: thisisaverysecurepassword - ❌ FAILURE
2025-05-11T02:48:43+00:00 - Tried password: hunter2 - ❌ FAILURE
2025-05-11T02:48:43+00:00 - Tried password: letshopeitsnotthis - ❌ FAILURE
2025-05-11T02:48:43+00:00 - Tried password: guessme - ❌ FAILURE
2025-05-11T02:48:43+00:00 - Tried password: dontguessme - ❌ FAILURE
2025-05-11T02:48:43+00:00 - Tried password: notapassword - ❌ FAILURE
2025-05-11T02:48:44+00:00 - Tried password: itsasecret - ❌ FAILURE
2025-05-11T02:48:44+00:00 - Tried password: youwillneverguess - ❌ FAILURE
2025-05-11T02:48:44+00:00 - Tried password: impossible - ❌ FAILURE
2025-05-11T02:48:44+00:00 - Tried password: x7v9B!z3 - ❌ FAILURE
2025-05-11T02:48:44+00:00 - Tried password: a1B2c3D4 - ❌ FAILURE
2025-05-11T02:48:44+00:00 - Tried password: XxCool123xX - ❌ FAILURE
2025-05-11T02:48:45+00:00 - Tried password: n0tR34l! - ❌ FAILURE
2025-05-11T02:48:45+00:00 - Tried password: weird$Pass - ❌ FAILURE
2025-05-11T02:48:45+00:00 - Tried password: H@ckM3IfYouCan - ❌ FAILURE
2025-05-11T02:48:45+00:00 - Tried password: ILikePie123 - ❌ FAILURE
2025-05-11T02:48:45+00:00 - Tried password: MyDogFido99 - ❌ FAILURE
2025-05-11T02:48:45+00:00 - Tried password: G00dLuck! - ❌ FAILURE
2025-05-11T02:48:45+00:00 - Tried password: 1990 - ❌ FAILURE
2025-05-11T02:48:46+00:00 - Tried password: 2020 - ❌ FAILURE
2025-05-11T02:48:46+00:00 - Tried password: 2000 - ❌ FAILURE
2025-05-11T02:48:46+00:00 - Tried password: 1234561990 - ❌ FAILURE
2025-05-11T02:48:46+00:00 - Tried password: july2023 - ❌ FAILURE
2025-05-11T02:48:46+00:00 - Tried password: march1985 - ❌ FAILURE
2025-05-11T02:48:46+00:00 - Tried password: company2024 - ❌ FAILURE
2025-05-11T02:48:47+00:00 - Tried password: corp123 - ❌ FAILURE
2025-05-11T02:48:47+00:00 - Tried password: mybiz2023 - ❌ FAILURE
2025-05-11T02:48:47+00:00 - Tried password: startup2025 - ❌ FAILURE
2025-05-11T02:48:47+00:00 - Tried password: team2022 - ❌ FAILURE
2025-05-11T02:48:47+00:00 - Tried password: gmail123 - ❌ FAILURE
2025-05-11T02:48:47+00:00 - Tried password: facebook1 - ❌ FAILURE
2025-05-11T02:48:48+00:00 - Tried password: netflixpass - ❌ FAILURE
2025-05-11T02:48:48+00:00 - Tried password: amazon2024 - ❌ FAILURE
2025-05-11T02:48:48+00:00 - Tried password: appleid - ❌ FAILURE
2025-05-11T02:48:48+00:00 - Tried password: test1 - ❌ FAILURE
2025-05-11T02:48:48+00:00 - Tried password: test2 - ❌ FAILURE
2025-05-11T02:48:48+00:00 - Tried password: test3 - ❌ FAILURE
2025-05-11T02:48:48+00:00 - Tried password: test4 - ❌ FAILURE
2025-05-11T02:48:49+00:00 - Tried password: test5 - ❌ FAILURE
2025-05-11T02:48:49+00:00 - Tried password: test6 - ❌ FAILURE
2025-05-11T02:48:49+00:00 - Tried password: alpha - ❌ FAILURE
2025-05-11T02:48:49+00:00 - Tried password: beta - ❌ FAILURE
2025-05-11T02:48:49+00:00 - Tried password: gamma - ❌ FAILURE
2025-05-11T02:48:49+00:00 - Tried password: delta - ❌ FAILURE
2025-05-11T02:48:50+00:00 - Tried password: epsilon - ❌ FAILURE
2025-05-11T02:48:50+00:00 - Tried password: nopasswordhere - ❌ FAILURE
2025-05-11T02:48:50+00:00 - Tried password: open_sesame - ❌ FAILURE
2025-05-11T02:48:50+00:00 - Tried password: swordfish - ❌ FAILURE
2025-05-11T02:48:50+00:00 - Tried password: cheesecake123 - ❌ FAILURE
2025-05-11T02:48:50+00:00 - Tried password: butterfly42 - ❌ FAILURE
2025-05-11T02:48:51+00:00 - Tried password: passwordispassword - ❌ FAILURE
2025-05-11T02:48:51+00:00 - Tried password: guesswhat - ❌ FAILURE
2025-05-11T02:48:51+00:00 - Tried password: nothinghere - ❌ FAILURE
2025-05-11T02:48:51+00:00 - Tried password: 000000 - ❌ FAILURE
2025-05-11T02:48:51+00:00 - Tried password: 111111 - ❌ FAILURE
2025-05-11T02:48:51+00:00 - Tried password: 222222 - ❌ FAILURE
2025-05-11T02:48:51+00:00 - Tried password: 333333 - ❌ FAILURE
2025-05-11T02:48:52+00:00 - Tried password: 444444 - ❌ FAILURE
2025-05-11T02:48:52+00:00 - Tried password: 555555 - ❌ FAILURE
2025-05-11T02:48:52+00:00 - Tried password: 666666 - ❌ FAILURE
2025-05-11T02:48:52+00:00 - Tried password: 777777 - ❌ FAILURE
2025-05-11T02:48:52+00:00 - Tried password: 888888 - ❌ FAILURE
2025-05-11T02:48:52+00:00 - Tried password: 999999 - ❌ FAILURE
2025-05-11T02:48:53+00:00 - Tried password: secret123 - ✅ SUCCESS
